<?xml version="1.0" encoding="UTF-8"?>
<!-- Generated by org.testng.reporters.JUnitReportReporter -->
<testsuite hostname="DESKTOP-D1VETR9" failures="0" tests="2" name="TestngTestScriptNop.NOPLoginTest" time="52.139" errors="0" timestamp="2022-09-28T18:28:23 IST" skipped="0">
  <testcase classname="TestngTestScriptNop.NOPLoginTest" name="VerifyTitle" time="10.369"/>
  <system-out/>
  <testcase classname="TestngTestScriptNop.NOPLoginTest" name="CreateNewCustomer" time="41.770"/>
  <system-out/>
</testsuite> <!-- TestngTestScriptNop.NOPLoginTest -->
