<?xml version="1.0" encoding="UTF-8"?>
<!-- Generated by org.testng.reporters.JUnitReportReporter -->
<testsuite hostname="DESKTOP-D1VETR9" failures="0" tests="2" name="test1" time="0.007" errors="0" timestamp="2022-09-28T16:12:47 IST" skipped="0">
  <testcase classname="test1" name="Test2" time="0.001"/>
  <system-out>
    <![CDATA[Test2 result]]>
  </system-out>
  <testcase classname="test1" name="Test1" time="0.006"/>
  <system-out/>
</testsuite> <!-- test1 -->
